<?xml version="1.0" encoding="UTF-8"?>
<!-- Generated by org.testng.reporters.JUnitReportReporter -->
<testsuite hostname="lenovo" name="com.sqa.jf.util.helpers.BasicAutomationTest" tests="3" failures="0" timestamp="30 Apr 2016 22:59:54 GMT" time="17.896" errors="0">
  <testcase name="test" time="0.003" classname="com.sqa.jf.util.helpers.BasicAutomationTest"/>
  <testcase name="test" time="0.002" classname="com.sqa.jf.util.helpers.BasicAutomationTest"/>
  <testcase name="setUpTest" time="17.891" classname="com.sqa.jf.util.helpers.BasicAutomationTest"/>
</testsuite> <!-- com.sqa.jf.util.helpers.BasicAutomationTest -->
