<?xml version="1.0" encoding="UTF-8"?>
<!-- Generated by org.testng.reporters.JUnitReportReporter -->
<testsuite hostname="lenovo" name="com.ga.adactin.TC101" tests="1" failures="0" timestamp="5 May 2016 02:31:33 GMT" time="4.234" errors="0">
  <testcase name="testLogin" time="4.234" classname="com.ga.adactin.TC101"/>
</testsuite> <!-- com.ga.adactin.TC101 -->
