<?xml version="1.0" encoding="UTF-8"?>
<!-- Generated by org.testng.reporters.JUnitReportReporter -->
<testsuite hostname="lenovo" name="com.ga.auto.BasicAutoTest" tests="3" failures="0" timestamp="21 Apr 2016 05:34:25 GMT" time="0.080" errors="0">
  <testcase name="test" time="0.026" classname="com.ga.auto.BasicAutoTest"/>
  <testcase name="test" time="0.046" classname="com.ga.auto.BasicAutoTest"/>
  <testcase name="test" time="0.008" classname="com.ga.auto.BasicAutoTest"/>
</testsuite> <!-- com.ga.auto.BasicAutoTest -->
