<?xml version="1.0" encoding="UTF-8"?>
<!-- Generated by org.testng.reporters.JUnitReportReporter -->
<testsuite hostname="lenovo" name="com.ga.adactin.TC102" tests="3" failures="0" timestamp="5 May 2016 05:59:06 GMT" time="20.163" errors="0">
  <testcase name="testCheckInOut" time="5.757" classname="com.ga.adactin.TC102"/>
  <testcase name="testCheckInOut" time="7.851" classname="com.ga.adactin.TC102"/>
  <testcase name="testCheckInOut" time="6.555" classname="com.ga.adactin.TC102"/>
</testsuite> <!-- com.ga.adactin.TC102 -->
